TN:
SF:/home/wolverine/Desktop/JavaScriptCalculator/lib/calculator.js
FN:1,Calculator
FN:3,calculate
FN:4,(anonymous_3)
FN:4,(anonymous_4)
FN:4,(anonymous_5)
FN:4,(anonymous_6)
FN:4,(anonymous_7)
FNF:7
FNH:7
FNDA:7,Calculator
FNDA:8,calculate
FNDA:1,(anonymous_3)
FNDA:1,(anonymous_4)
FNDA:1,(anonymous_5)
FNDA:3,(anonymous_6)
FNDA:1,(anonymous_7)
DA:1,1
DA:3,1
DA:4,8
DA:5,8
DA:6,8
DA:7,8
DA:9,1
DA:11,7
DA:14,7
LF:9
LH:9
BRF:0
BRH:0
end_of_record
TN:
SF:/home/wolverine/Desktop/JavaScriptCalculator/lib/dom_interface.js
FN:1,DOMInterface
FN:6,checkFields
FNF:2
FNH:2
FNDA:4,DOMInterface
FNDA:5,checkFields
DA:1,1
DA:3,4
DA:4,4
DA:6,1
DA:7,5
DA:8,5
DA:9,5
DA:10,5
DA:11,10
DA:12,10
DA:13,10
DA:14,10
DA:15,4
DA:16,3
DA:18,1
DA:19,1
DA:23,5
DA:24,5
DA:25,5
DA:26,5
DA:27,5
DA:28,5
DA:29,1
DA:30,1
DA:32,0
DA:33,0
DA:37,5
DA:40,4
LF:28
LH:26
BRDA:13,1,0,10
BRDA:13,1,1,9
BRDA:14,2,0,4
BRDA:14,2,1,6
BRDA:15,3,0,3
BRDA:15,3,1,1
BRDA:27,4,0,5
BRDA:27,4,1,4
BRDA:28,5,0,1
BRDA:28,5,1,4
BRDA:29,6,0,1
BRDA:29,6,1,0
BRF:12
BRH:11
end_of_record
TN:
SF:/home/wolverine/Desktop/JavaScriptCalculator/lib/input_checker.js
FN:1,InputChecker
FN:2,checkNumber
FN:8,checkOperator
FNF:3
FNH:3
FNDA:12,InputChecker
FNDA:9,checkNumber
FNDA:5,checkOperator
DA:1,1
DA:2,1
DA:3,9
DA:4,6
DA:6,3
DA:8,1
DA:9,5
DA:10,3
DA:12,2
DA:15,12
LF:10
LH:10
BRDA:3,1,0,6
BRDA:3,1,1,3
BRDA:9,2,0,3
BRDA:9,2,1,2
BRF:4
BRH:4
end_of_record
TN:
SF:/home/wolverine/Desktop/JavaScriptCalculator/lib/main.js
FN:5,go
FN:14,check
FNF:2
FNH:2
FNDA:3,go
FNDA:3,check
DA:1,1
DA:2,1
DA:3,1
DA:5,1
DA:6,3
DA:7,3
DA:8,2
DA:10,1
DA:14,1
DA:15,3
DA:16,3
DA:17,2
DA:19,1
LF:13
LH:13
BRDA:6,1,0,3
BRDA:6,1,1,1
BRDA:7,2,0,2
BRDA:7,2,1,1
BRDA:16,3,0,2
BRDA:16,3,1,1
BRF:6
BRH:6
end_of_record
